[19/01/2025  00:55:25] - The path template 'odata/Langua/Groups' on the action 'GetGroups' in controller 'Groups' is not a valid OData path template. Resource not found for the segment 'Groups'.
[19/01/2025  00:55:25] - The path template '/odata/LanguaDb/Groups(Id={Id})' on the action 'GetGroup' in controller 'Groups' is not a valid OData path template. Resource not found for the segment 'Db'.
[19/01/2025  00:55:25] - The path template '/odata/LanguaDb/Groups(Id={Id})' on the action 'DeleteGroup' in controller 'Groups' is not a valid OData path template. Resource not found for the segment 'Db'.
[19/01/2025  00:55:25] - The path template '/odata/LanguaDb/Groups(Id={Id})' on the action 'PutGroup' in controller 'Groups' is not a valid OData path template. Resource not found for the segment 'Db'.
[19/01/2025  00:55:25] - The path template '/odata/LanguaDb/Groups(Id={Id})' on the action 'PatchGroup' in controller 'Groups' is not a valid OData path template. Resource not found for the segment 'Db'.
[19/01/2025  00:55:25] - The path template 'odata/Langua/Groups' on the action 'Post' in controller 'Groups' is not a valid OData path template. Resource not found for the segment 'Groups'.
[19/01/2025  00:55:25] - The path template 'odata/Langua/Sessions' on the action 'GetSessions' in controller 'Sessions' is not a valid OData path template. Resource not found for the segment 'Sessions'.
[19/01/2025  00:55:25] - The path template '/odata/Langua/Sessions(Id={Id})' on the action 'GetSession' in controller 'Sessions' is not a valid OData path template. Resource not found for the segment 'Sessions'.
[19/01/2025  00:55:25] - The path template '/odata/Langua/Sessions(Id={Id})' on the action 'DeleteSession' in controller 'Sessions' is not a valid OData path template. Resource not found for the segment 'Sessions'.
[19/01/2025  00:55:25] - The path template '/odata/Langua/Sessions(Id={Id})' on the action 'PutSession' in controller 'Sessions' is not a valid OData path template. Resource not found for the segment 'Sessions'.
[19/01/2025  00:55:25] - The path template '/odata/Langua/Session/Update' on the action 'PatchSession' in controller 'Sessions' is not a valid OData path template. Resource not found for the segment 'Session'.
[19/01/2025  00:55:25] - The path template '/odata/Langua/Update' on the action 'PatchSession' in controller 'Sessions' is not a valid OData path template. Resource not found for the segment 'Update'.
[19/01/2025  00:55:25] - The path template 'odata/Langua/Sessions' on the action 'Post' in controller 'Sessions' is not a valid OData path template. Resource not found for the segment 'Sessions'.
[19/01/2025  00:55:25] - The path template 'odata/Langua/Sessions/SessionForGroup' on the action 'GetSessionForGroup' in controller 'Sessions' is not a valid OData path template. Resource not found for the segment 'Sessions'.
[19/01/2025  00:55:25] - The path template 'odata/Langua/Teachers' on the action 'GetTeachers' in controller 'Teachers' is not a valid OData path template. Resource not found for the segment 'Teachers'.
[19/01/2025  00:55:25] - The path template '/odata/LanguaDb/Teachers(Id={Id})' on the action 'GetTeacher' in controller 'Teachers' is not a valid OData path template. Resource not found for the segment 'Db'.
[19/01/2025  00:55:25] - The path template '/odata/LanguaDb/Teachers(Id={Id})' on the action 'DeleteTeacher' in controller 'Teachers' is not a valid OData path template. Resource not found for the segment 'Db'.
[19/01/2025  00:55:25] - The path template '/odata/LanguaDb/Teachers(Id={Id})' on the action 'PutTeacher' in controller 'Teachers' is not a valid OData path template. Resource not found for the segment 'Db'.
[19/01/2025  00:55:25] - The path template '/odata/LanguaDb/Teachers(Id={Id})' on the action 'PatchTeacher' in controller 'Teachers' is not a valid OData path template. Resource not found for the segment 'Db'.
[19/01/2025  00:55:25] - The path template 'odata/Langua/Teachers' on the action 'Post' in controller 'Teachers' is not a valid OData path template. Resource not found for the segment 'Teachers'.
[19/01/2025  00:57:02] - Unhandled exception rendering component: Object reference not set to an instance of an object.
[19/01/2025  00:57:02] - Unhandled exception in circuit 'jpYu6VnG8sIzWwp90HItJdNzFvVKi4mEcHX65_Mor40'.
[19/01/2025  21:01:00] - The path template 'odata/Langua/Groups' on the action 'GetGroups' in controller 'Groups' is not a valid OData path template. Resource not found for the segment 'Groups'.
[19/01/2025  21:01:00] - The path template '/odata/LanguaDb/Groups(Id={Id})' on the action 'GetGroup' in controller 'Groups' is not a valid OData path template. Resource not found for the segment 'Db'.
[19/01/2025  21:01:00] - The path template '/odata/LanguaDb/Groups(Id={Id})' on the action 'DeleteGroup' in controller 'Groups' is not a valid OData path template. Resource not found for the segment 'Db'.
[19/01/2025  21:01:00] - The path template '/odata/LanguaDb/Groups(Id={Id})' on the action 'PutGroup' in controller 'Groups' is not a valid OData path template. Resource not found for the segment 'Db'.
[19/01/2025  21:01:00] - The path template '/odata/LanguaDb/Groups(Id={Id})' on the action 'PatchGroup' in controller 'Groups' is not a valid OData path template. Resource not found for the segment 'Db'.
[19/01/2025  21:01:00] - The path template 'odata/Langua/Groups' on the action 'Post' in controller 'Groups' is not a valid OData path template. Resource not found for the segment 'Groups'.
[19/01/2025  21:01:00] - The path template 'odata/Langua/Sessions' on the action 'GetSessions' in controller 'Sessions' is not a valid OData path template. Resource not found for the segment 'Sessions'.
[19/01/2025  21:01:00] - The path template '/odata/Langua/Sessions(Id={Id})' on the action 'GetSession' in controller 'Sessions' is not a valid OData path template. Resource not found for the segment 'Sessions'.
[19/01/2025  21:01:00] - The path template '/odata/Langua/Sessions(Id={Id})' on the action 'DeleteSession' in controller 'Sessions' is not a valid OData path template. Resource not found for the segment 'Sessions'.
[19/01/2025  21:01:00] - The path template '/odata/Langua/Sessions(Id={Id})' on the action 'PutSession' in controller 'Sessions' is not a valid OData path template. Resource not found for the segment 'Sessions'.
[19/01/2025  21:01:00] - The path template '/odata/Langua/Session/Update' on the action 'PatchSession' in controller 'Sessions' is not a valid OData path template. Resource not found for the segment 'Session'.
[19/01/2025  21:01:00] - The path template '/odata/Langua/Update' on the action 'PatchSession' in controller 'Sessions' is not a valid OData path template. Resource not found for the segment 'Update'.
[19/01/2025  21:01:00] - The path template 'odata/Langua/Sessions' on the action 'Post' in controller 'Sessions' is not a valid OData path template. Resource not found for the segment 'Sessions'.
[19/01/2025  21:01:00] - The path template 'odata/Langua/Sessions/SessionForGroup' on the action 'GetSessionForGroup' in controller 'Sessions' is not a valid OData path template. Resource not found for the segment 'Sessions'.
[19/01/2025  21:01:00] - The path template 'odata/Langua/Teachers' on the action 'GetTeachers' in controller 'Teachers' is not a valid OData path template. Resource not found for the segment 'Teachers'.
[19/01/2025  21:01:00] - The path template '/odata/LanguaDb/Teachers(Id={Id})' on the action 'GetTeacher' in controller 'Teachers' is not a valid OData path template. Resource not found for the segment 'Db'.
[19/01/2025  21:01:00] - The path template '/odata/LanguaDb/Teachers(Id={Id})' on the action 'DeleteTeacher' in controller 'Teachers' is not a valid OData path template. Resource not found for the segment 'Db'.
[19/01/2025  21:01:00] - The path template '/odata/LanguaDb/Teachers(Id={Id})' on the action 'PutTeacher' in controller 'Teachers' is not a valid OData path template. Resource not found for the segment 'Db'.
[19/01/2025  21:01:00] - The path template '/odata/LanguaDb/Teachers(Id={Id})' on the action 'PatchTeacher' in controller 'Teachers' is not a valid OData path template. Resource not found for the segment 'Db'.
[19/01/2025  21:01:00] - The path template 'odata/Langua/Teachers' on the action 'Post' in controller 'Teachers' is not a valid OData path template. Resource not found for the segment 'Teachers'.
[19/01/2025  21:03:12] - The path template 'odata/Langua/Groups' on the action 'GetGroups' in controller 'Groups' is not a valid OData path template. Resource not found for the segment 'Groups'.
[19/01/2025  21:03:12] - The path template '/odata/LanguaDb/Groups(Id={Id})' on the action 'GetGroup' in controller 'Groups' is not a valid OData path template. Resource not found for the segment 'Db'.
[19/01/2025  21:03:12] - The path template '/odata/LanguaDb/Groups(Id={Id})' on the action 'DeleteGroup' in controller 'Groups' is not a valid OData path template. Resource not found for the segment 'Db'.
[19/01/2025  21:03:12] - The path template '/odata/LanguaDb/Groups(Id={Id})' on the action 'PutGroup' in controller 'Groups' is not a valid OData path template. Resource not found for the segment 'Db'.
[19/01/2025  21:03:12] - The path template '/odata/LanguaDb/Groups(Id={Id})' on the action 'PatchGroup' in controller 'Groups' is not a valid OData path template. Resource not found for the segment 'Db'.
[19/01/2025  21:03:12] - The path template 'odata/Langua/Groups' on the action 'Post' in controller 'Groups' is not a valid OData path template. Resource not found for the segment 'Groups'.
[19/01/2025  21:03:12] - The path template 'odata/Langua/Sessions' on the action 'GetSessions' in controller 'Sessions' is not a valid OData path template. Resource not found for the segment 'Sessions'.
[19/01/2025  21:03:12] - The path template '/odata/Langua/Sessions(Id={Id})' on the action 'GetSession' in controller 'Sessions' is not a valid OData path template. Resource not found for the segment 'Sessions'.
[19/01/2025  21:03:12] - The path template '/odata/Langua/Sessions(Id={Id})' on the action 'DeleteSession' in controller 'Sessions' is not a valid OData path template. Resource not found for the segment 'Sessions'.
[19/01/2025  21:03:12] - The path template '/odata/Langua/Sessions(Id={Id})' on the action 'PutSession' in controller 'Sessions' is not a valid OData path template. Resource not found for the segment 'Sessions'.
[19/01/2025  21:03:12] - The path template '/odata/Langua/Session/Update' on the action 'PatchSession' in controller 'Sessions' is not a valid OData path template. Resource not found for the segment 'Session'.
[19/01/2025  21:03:12] - The path template '/odata/Langua/Update' on the action 'PatchSession' in controller 'Sessions' is not a valid OData path template. Resource not found for the segment 'Update'.
[19/01/2025  21:03:12] - The path template 'odata/Langua/Sessions' on the action 'Post' in controller 'Sessions' is not a valid OData path template. Resource not found for the segment 'Sessions'.
[19/01/2025  21:03:12] - The path template 'odata/Langua/Sessions/SessionForGroup' on the action 'GetSessionForGroup' in controller 'Sessions' is not a valid OData path template. Resource not found for the segment 'Sessions'.
[19/01/2025  21:03:12] - The path template 'odata/Langua/Teachers' on the action 'GetTeachers' in controller 'Teachers' is not a valid OData path template. Resource not found for the segment 'Teachers'.
[19/01/2025  21:03:12] - The path template '/odata/LanguaDb/Teachers(Id={Id})' on the action 'GetTeacher' in controller 'Teachers' is not a valid OData path template. Resource not found for the segment 'Db'.
[19/01/2025  21:03:12] - The path template '/odata/LanguaDb/Teachers(Id={Id})' on the action 'DeleteTeacher' in controller 'Teachers' is not a valid OData path template. Resource not found for the segment 'Db'.
[19/01/2025  21:03:12] - The path template '/odata/LanguaDb/Teachers(Id={Id})' on the action 'PutTeacher' in controller 'Teachers' is not a valid OData path template. Resource not found for the segment 'Db'.
[19/01/2025  21:03:12] - The path template '/odata/LanguaDb/Teachers(Id={Id})' on the action 'PatchTeacher' in controller 'Teachers' is not a valid OData path template. Resource not found for the segment 'Db'.
[19/01/2025  21:03:12] - The path template 'odata/Langua/Teachers' on the action 'Post' in controller 'Teachers' is not a valid OData path template. Resource not found for the segment 'Teachers'.
[19/01/2025  21:03:27] - The path template 'odata/Langua/Groups' on the action 'GetGroups' in controller 'Groups' is not a valid OData path template. Resource not found for the segment 'Groups'.
[19/01/2025  21:03:27] - The path template '/odata/LanguaDb/Groups(Id={Id})' on the action 'GetGroup' in controller 'Groups' is not a valid OData path template. Resource not found for the segment 'Db'.
[19/01/2025  21:03:27] - The path template '/odata/LanguaDb/Groups(Id={Id})' on the action 'DeleteGroup' in controller 'Groups' is not a valid OData path template. Resource not found for the segment 'Db'.
[19/01/2025  21:03:27] - The path template '/odata/LanguaDb/Groups(Id={Id})' on the action 'PutGroup' in controller 'Groups' is not a valid OData path template. Resource not found for the segment 'Db'.
[19/01/2025  21:03:27] - The path template '/odata/LanguaDb/Groups(Id={Id})' on the action 'PatchGroup' in controller 'Groups' is not a valid OData path template. Resource not found for the segment 'Db'.
[19/01/2025  21:03:27] - The path template 'odata/Langua/Groups' on the action 'Post' in controller 'Groups' is not a valid OData path template. Resource not found for the segment 'Groups'.
[19/01/2025  21:03:27] - The path template 'odata/Langua/Sessions' on the action 'GetSessions' in controller 'Sessions' is not a valid OData path template. Resource not found for the segment 'Sessions'.
[19/01/2025  21:03:27] - The path template '/odata/Langua/Sessions(Id={Id})' on the action 'GetSession' in controller 'Sessions' is not a valid OData path template. Resource not found for the segment 'Sessions'.
[19/01/2025  21:03:27] - The path template '/odata/Langua/Sessions(Id={Id})' on the action 'DeleteSession' in controller 'Sessions' is not a valid OData path template. Resource not found for the segment 'Sessions'.
[19/01/2025  21:03:27] - The path template '/odata/Langua/Sessions(Id={Id})' on the action 'PutSession' in controller 'Sessions' is not a valid OData path template. Resource not found for the segment 'Sessions'.
[19/01/2025  21:03:27] - The path template '/odata/Langua/Session/Update' on the action 'PatchSession' in controller 'Sessions' is not a valid OData path template. Resource not found for the segment 'Session'.
[19/01/2025  21:03:27] - The path template '/odata/Langua/Update' on the action 'PatchSession' in controller 'Sessions' is not a valid OData path template. Resource not found for the segment 'Update'.
[19/01/2025  21:03:27] - The path template 'odata/Langua/Sessions' on the action 'Post' in controller 'Sessions' is not a valid OData path template. Resource not found for the segment 'Sessions'.
[19/01/2025  21:03:27] - The path template 'odata/Langua/Sessions/SessionForGroup' on the action 'GetSessionForGroup' in controller 'Sessions' is not a valid OData path template. Resource not found for the segment 'Sessions'.
[19/01/2025  21:03:27] - The path template 'odata/Langua/Teachers' on the action 'GetTeachers' in controller 'Teachers' is not a valid OData path template. Resource not found for the segment 'Teachers'.
[19/01/2025  21:03:27] - The path template '/odata/LanguaDb/Teachers(Id={Id})' on the action 'GetTeacher' in controller 'Teachers' is not a valid OData path template. Resource not found for the segment 'Db'.
[19/01/2025  21:03:27] - The path template '/odata/LanguaDb/Teachers(Id={Id})' on the action 'DeleteTeacher' in controller 'Teachers' is not a valid OData path template. Resource not found for the segment 'Db'.
[19/01/2025  21:03:27] - The path template '/odata/LanguaDb/Teachers(Id={Id})' on the action 'PutTeacher' in controller 'Teachers' is not a valid OData path template. Resource not found for the segment 'Db'.
[19/01/2025  21:03:27] - The path template '/odata/LanguaDb/Teachers(Id={Id})' on the action 'PatchTeacher' in controller 'Teachers' is not a valid OData path template. Resource not found for the segment 'Db'.
[19/01/2025  21:03:27] - The path template 'odata/Langua/Teachers' on the action 'Post' in controller 'Teachers' is not a valid OData path template. Resource not found for the segment 'Teachers'.
[19/01/2025  21:03:39] - The path template 'odata/Langua/Groups' on the action 'GetGroups' in controller 'Groups' is not a valid OData path template. Resource not found for the segment 'Groups'.
[19/01/2025  21:03:39] - The path template '/odata/LanguaDb/Groups(Id={Id})' on the action 'GetGroup' in controller 'Groups' is not a valid OData path template. Resource not found for the segment 'Db'.
[19/01/2025  21:03:39] - The path template '/odata/LanguaDb/Groups(Id={Id})' on the action 'DeleteGroup' in controller 'Groups' is not a valid OData path template. Resource not found for the segment 'Db'.
[19/01/2025  21:03:39] - The path template '/odata/LanguaDb/Groups(Id={Id})' on the action 'PutGroup' in controller 'Groups' is not a valid OData path template. Resource not found for the segment 'Db'.
[19/01/2025  21:03:39] - The path template '/odata/LanguaDb/Groups(Id={Id})' on the action 'PatchGroup' in controller 'Groups' is not a valid OData path template. Resource not found for the segment 'Db'.
[19/01/2025  21:03:39] - The path template 'odata/Langua/Groups' on the action 'Post' in controller 'Groups' is not a valid OData path template. Resource not found for the segment 'Groups'.
[19/01/2025  21:03:39] - The path template 'odata/Langua/Sessions' on the action 'GetSessions' in controller 'Sessions' is not a valid OData path template. Resource not found for the segment 'Sessions'.
[19/01/2025  21:03:39] - The path template '/odata/Langua/Sessions(Id={Id})' on the action 'GetSession' in controller 'Sessions' is not a valid OData path template. Resource not found for the segment 'Sessions'.
[19/01/2025  21:03:39] - The path template '/odata/Langua/Sessions(Id={Id})' on the action 'DeleteSession' in controller 'Sessions' is not a valid OData path template. Resource not found for the segment 'Sessions'.
[19/01/2025  21:03:39] - The path template '/odata/Langua/Sessions(Id={Id})' on the action 'PutSession' in controller 'Sessions' is not a valid OData path template. Resource not found for the segment 'Sessions'.
[19/01/2025  21:03:39] - The path template '/odata/Langua/Session/Update' on the action 'PatchSession' in controller 'Sessions' is not a valid OData path template. Resource not found for the segment 'Session'.
[19/01/2025  21:03:39] - The path template '/odata/Langua/Update' on the action 'PatchSession' in controller 'Sessions' is not a valid OData path template. Resource not found for the segment 'Update'.
[19/01/2025  21:03:39] - The path template 'odata/Langua/Sessions' on the action 'Post' in controller 'Sessions' is not a valid OData path template. Resource not found for the segment 'Sessions'.
[19/01/2025  21:03:39] - The path template 'odata/Langua/Sessions/SessionForGroup' on the action 'GetSessionForGroup' in controller 'Sessions' is not a valid OData path template. Resource not found for the segment 'Sessions'.
[19/01/2025  21:03:39] - The path template 'odata/Langua/Teachers' on the action 'GetTeachers' in controller 'Teachers' is not a valid OData path template. Resource not found for the segment 'Teachers'.
[19/01/2025  21:03:39] - The path template '/odata/LanguaDb/Teachers(Id={Id})' on the action 'GetTeacher' in controller 'Teachers' is not a valid OData path template. Resource not found for the segment 'Db'.
[19/01/2025  21:03:39] - The path template '/odata/LanguaDb/Teachers(Id={Id})' on the action 'DeleteTeacher' in controller 'Teachers' is not a valid OData path template. Resource not found for the segment 'Db'.
[19/01/2025  21:03:39] - The path template '/odata/LanguaDb/Teachers(Id={Id})' on the action 'PutTeacher' in controller 'Teachers' is not a valid OData path template. Resource not found for the segment 'Db'.
[19/01/2025  21:03:39] - The path template '/odata/LanguaDb/Teachers(Id={Id})' on the action 'PatchTeacher' in controller 'Teachers' is not a valid OData path template. Resource not found for the segment 'Db'.
[19/01/2025  21:03:39] - The path template 'odata/Langua/Teachers' on the action 'Post' in controller 'Teachers' is not a valid OData path template. Resource not found for the segment 'Teachers'.
[19/01/2025  21:04:44] - An exception occurred while iterating over the results of a query for context type 'Langua.DataContext.Data.LanguaContext'.
System.InvalidOperationException: A second operation was started on this context instance before a previous operation completed. This is usually caused by different threads concurrently using the same instance of DbContext. For more information on how to avoid threading issues with DbContext, see https://go.microsoft.com/fwlink/?linkid=2097913.
   at Microsoft.EntityFrameworkCore.Infrastructure.Internal.ConcurrencyDetector.EnterCriticalSection()
   at Microsoft.EntityFrameworkCore.Query.Internal.SingleQueryingEnumerable`1.AsyncEnumerator.MoveNextAsync()
[19/01/2025  21:04:44] - Unhandled exception rendering component: A second operation was started on this context instance before a previous operation completed. This is usually caused by different threads concurrently using the same instance of DbContext. For more information on how to avoid threading issues with DbContext, see https://go.microsoft.com/fwlink/?linkid=2097913.
[19/01/2025  21:04:44] - Unhandled exception in circuit 'db31WbjojBoBeYcE3rNDvJ_g8M0kRElZStbh5vR1MIE'.
[19/01/2025  21:04:44] - Unhandled exception rendering component: Cannot access a disposed object.
[19/01/2025  21:04:44] - Unhandled exception in circuit 'db31WbjojBoBeYcE3rNDvJ_g8M0kRElZStbh5vR1MIE'.
[19/01/2025  21:05:20] - The path template 'odata/Langua/Groups' on the action 'GetGroups' in controller 'Groups' is not a valid OData path template. Resource not found for the segment 'Groups'.
[19/01/2025  21:05:20] - The path template '/odata/LanguaDb/Groups(Id={Id})' on the action 'GetGroup' in controller 'Groups' is not a valid OData path template. Resource not found for the segment 'Db'.
[19/01/2025  21:05:20] - The path template '/odata/LanguaDb/Groups(Id={Id})' on the action 'DeleteGroup' in controller 'Groups' is not a valid OData path template. Resource not found for the segment 'Db'.
[19/01/2025  21:05:20] - The path template '/odata/LanguaDb/Groups(Id={Id})' on the action 'PutGroup' in controller 'Groups' is not a valid OData path template. Resource not found for the segment 'Db'.
[19/01/2025  21:05:20] - The path template '/odata/LanguaDb/Groups(Id={Id})' on the action 'PatchGroup' in controller 'Groups' is not a valid OData path template. Resource not found for the segment 'Db'.
[19/01/2025  21:05:20] - The path template 'odata/Langua/Groups' on the action 'Post' in controller 'Groups' is not a valid OData path template. Resource not found for the segment 'Groups'.
[19/01/2025  21:05:20] - The path template 'odata/Langua/Sessions' on the action 'GetSessions' in controller 'Sessions' is not a valid OData path template. Resource not found for the segment 'Sessions'.
[19/01/2025  21:05:20] - The path template '/odata/Langua/Sessions(Id={Id})' on the action 'GetSession' in controller 'Sessions' is not a valid OData path template. Resource not found for the segment 'Sessions'.
[19/01/2025  21:05:20] - The path template '/odata/Langua/Sessions(Id={Id})' on the action 'DeleteSession' in controller 'Sessions' is not a valid OData path template. Resource not found for the segment 'Sessions'.
[19/01/2025  21:05:20] - The path template '/odata/Langua/Sessions(Id={Id})' on the action 'PutSession' in controller 'Sessions' is not a valid OData path template. Resource not found for the segment 'Sessions'.
[19/01/2025  21:05:20] - The path template '/odata/Langua/Session/Update' on the action 'PatchSession' in controller 'Sessions' is not a valid OData path template. Resource not found for the segment 'Session'.
[19/01/2025  21:05:20] - The path template '/odata/Langua/Update' on the action 'PatchSession' in controller 'Sessions' is not a valid OData path template. Resource not found for the segment 'Update'.
[19/01/2025  21:05:20] - The path template 'odata/Langua/Sessions' on the action 'Post' in controller 'Sessions' is not a valid OData path template. Resource not found for the segment 'Sessions'.
[19/01/2025  21:05:20] - The path template 'odata/Langua/Sessions/SessionForGroup' on the action 'GetSessionForGroup' in controller 'Sessions' is not a valid OData path template. Resource not found for the segment 'Sessions'.
[19/01/2025  21:05:20] - The path template 'odata/Langua/Teachers' on the action 'GetTeachers' in controller 'Teachers' is not a valid OData path template. Resource not found for the segment 'Teachers'.
[19/01/2025  21:05:20] - The path template '/odata/LanguaDb/Teachers(Id={Id})' on the action 'GetTeacher' in controller 'Teachers' is not a valid OData path template. Resource not found for the segment 'Db'.
[19/01/2025  21:05:20] - The path template '/odata/LanguaDb/Teachers(Id={Id})' on the action 'DeleteTeacher' in controller 'Teachers' is not a valid OData path template. Resource not found for the segment 'Db'.
[19/01/2025  21:05:20] - The path template '/odata/LanguaDb/Teachers(Id={Id})' on the action 'PutTeacher' in controller 'Teachers' is not a valid OData path template. Resource not found for the segment 'Db'.
[19/01/2025  21:05:20] - The path template '/odata/LanguaDb/Teachers(Id={Id})' on the action 'PatchTeacher' in controller 'Teachers' is not a valid OData path template. Resource not found for the segment 'Db'.
[19/01/2025  21:05:20] - The path template 'odata/Langua/Teachers' on the action 'Post' in controller 'Teachers' is not a valid OData path template. Resource not found for the segment 'Teachers'.
[19/01/2025  21:05:29] - The path template 'odata/Langua/Groups' on the action 'GetGroups' in controller 'Groups' is not a valid OData path template. Resource not found for the segment 'Groups'.
[19/01/2025  21:05:29] - The path template '/odata/LanguaDb/Groups(Id={Id})' on the action 'GetGroup' in controller 'Groups' is not a valid OData path template. Resource not found for the segment 'Db'.
[19/01/2025  21:05:29] - The path template '/odata/LanguaDb/Groups(Id={Id})' on the action 'DeleteGroup' in controller 'Groups' is not a valid OData path template. Resource not found for the segment 'Db'.
[19/01/2025  21:05:29] - The path template '/odata/LanguaDb/Groups(Id={Id})' on the action 'PutGroup' in controller 'Groups' is not a valid OData path template. Resource not found for the segment 'Db'.
[19/01/2025  21:05:29] - The path template '/odata/LanguaDb/Groups(Id={Id})' on the action 'PatchGroup' in controller 'Groups' is not a valid OData path template. Resource not found for the segment 'Db'.
[19/01/2025  21:05:29] - The path template 'odata/Langua/Groups' on the action 'Post' in controller 'Groups' is not a valid OData path template. Resource not found for the segment 'Groups'.
[19/01/2025  21:05:29] - The path template 'odata/Langua/Sessions' on the action 'GetSessions' in controller 'Sessions' is not a valid OData path template. Resource not found for the segment 'Sessions'.
[19/01/2025  21:05:29] - The path template '/odata/Langua/Sessions(Id={Id})' on the action 'GetSession' in controller 'Sessions' is not a valid OData path template. Resource not found for the segment 'Sessions'.
[19/01/2025  21:05:29] - The path template '/odata/Langua/Sessions(Id={Id})' on the action 'DeleteSession' in controller 'Sessions' is not a valid OData path template. Resource not found for the segment 'Sessions'.
[19/01/2025  21:05:29] - The path template '/odata/Langua/Sessions(Id={Id})' on the action 'PutSession' in controller 'Sessions' is not a valid OData path template. Resource not found for the segment 'Sessions'.
[19/01/2025  21:05:29] - The path template '/odata/Langua/Session/Update' on the action 'PatchSession' in controller 'Sessions' is not a valid OData path template. Resource not found for the segment 'Session'.
[19/01/2025  21:05:29] - The path template '/odata/Langua/Update' on the action 'PatchSession' in controller 'Sessions' is not a valid OData path template. Resource not found for the segment 'Update'.
[19/01/2025  21:05:29] - The path template 'odata/Langua/Sessions' on the action 'Post' in controller 'Sessions' is not a valid OData path template. Resource not found for the segment 'Sessions'.
[19/01/2025  21:05:29] - The path template 'odata/Langua/Sessions/SessionForGroup' on the action 'GetSessionForGroup' in controller 'Sessions' is not a valid OData path template. Resource not found for the segment 'Sessions'.
[19/01/2025  21:05:29] - The path template 'odata/Langua/Teachers' on the action 'GetTeachers' in controller 'Teachers' is not a valid OData path template. Resource not found for the segment 'Teachers'.
[19/01/2025  21:05:29] - The path template '/odata/LanguaDb/Teachers(Id={Id})' on the action 'GetTeacher' in controller 'Teachers' is not a valid OData path template. Resource not found for the segment 'Db'.
[19/01/2025  21:05:29] - The path template '/odata/LanguaDb/Teachers(Id={Id})' on the action 'DeleteTeacher' in controller 'Teachers' is not a valid OData path template. Resource not found for the segment 'Db'.
[19/01/2025  21:05:29] - The path template '/odata/LanguaDb/Teachers(Id={Id})' on the action 'PutTeacher' in controller 'Teachers' is not a valid OData path template. Resource not found for the segment 'Db'.
[19/01/2025  21:05:29] - The path template '/odata/LanguaDb/Teachers(Id={Id})' on the action 'PatchTeacher' in controller 'Teachers' is not a valid OData path template. Resource not found for the segment 'Db'.
[19/01/2025  21:05:29] - The path template 'odata/Langua/Teachers' on the action 'Post' in controller 'Teachers' is not a valid OData path template. Resource not found for the segment 'Teachers'.
[19/01/2025  21:15:17] - The path template 'odata/Langua/Groups' on the action 'GetGroups' in controller 'Groups' is not a valid OData path template. Resource not found for the segment 'Groups'.
[19/01/2025  21:15:17] - The path template '/odata/LanguaDb/Groups(Id={Id})' on the action 'GetGroup' in controller 'Groups' is not a valid OData path template. Resource not found for the segment 'Db'.
[19/01/2025  21:15:17] - The path template '/odata/LanguaDb/Groups(Id={Id})' on the action 'DeleteGroup' in controller 'Groups' is not a valid OData path template. Resource not found for the segment 'Db'.
[19/01/2025  21:15:17] - The path template '/odata/LanguaDb/Groups(Id={Id})' on the action 'PutGroup' in controller 'Groups' is not a valid OData path template. Resource not found for the segment 'Db'.
[19/01/2025  21:15:17] - The path template '/odata/LanguaDb/Groups(Id={Id})' on the action 'PatchGroup' in controller 'Groups' is not a valid OData path template. Resource not found for the segment 'Db'.
[19/01/2025  21:15:17] - The path template 'odata/Langua/Groups' on the action 'Post' in controller 'Groups' is not a valid OData path template. Resource not found for the segment 'Groups'.
[19/01/2025  21:15:17] - The path template 'odata/Langua/Sessions' on the action 'GetSessions' in controller 'Sessions' is not a valid OData path template. Resource not found for the segment 'Sessions'.
[19/01/2025  21:15:17] - The path template '/odata/Langua/Sessions(Id={Id})' on the action 'GetSession' in controller 'Sessions' is not a valid OData path template. Resource not found for the segment 'Sessions'.
[19/01/2025  21:15:17] - The path template '/odata/Langua/Sessions(Id={Id})' on the action 'DeleteSession' in controller 'Sessions' is not a valid OData path template. Resource not found for the segment 'Sessions'.
[19/01/2025  21:15:17] - The path template '/odata/Langua/Sessions(Id={Id})' on the action 'PutSession' in controller 'Sessions' is not a valid OData path template. Resource not found for the segment 'Sessions'.
[19/01/2025  21:15:17] - The path template '/odata/Langua/Session/Update' on the action 'PatchSession' in controller 'Sessions' is not a valid OData path template. Resource not found for the segment 'Session'.
[19/01/2025  21:15:17] - The path template '/odata/Langua/Update' on the action 'PatchSession' in controller 'Sessions' is not a valid OData path template. Resource not found for the segment 'Update'.
[19/01/2025  21:15:17] - The path template 'odata/Langua/Sessions' on the action 'Post' in controller 'Sessions' is not a valid OData path template. Resource not found for the segment 'Sessions'.
[19/01/2025  21:15:17] - The path template 'odata/Langua/Sessions/SessionForGroup' on the action 'GetSessionForGroup' in controller 'Sessions' is not a valid OData path template. Resource not found for the segment 'Sessions'.
[19/01/2025  21:15:17] - The path template 'odata/Langua/Teachers' on the action 'GetTeachers' in controller 'Teachers' is not a valid OData path template. Resource not found for the segment 'Teachers'.
[19/01/2025  21:15:17] - The path template '/odata/LanguaDb/Teachers(Id={Id})' on the action 'GetTeacher' in controller 'Teachers' is not a valid OData path template. Resource not found for the segment 'Db'.
[19/01/2025  21:15:17] - The path template '/odata/LanguaDb/Teachers(Id={Id})' on the action 'DeleteTeacher' in controller 'Teachers' is not a valid OData path template. Resource not found for the segment 'Db'.
[19/01/2025  21:15:17] - The path template '/odata/LanguaDb/Teachers(Id={Id})' on the action 'PutTeacher' in controller 'Teachers' is not a valid OData path template. Resource not found for the segment 'Db'.
[19/01/2025  21:15:17] - The path template '/odata/LanguaDb/Teachers(Id={Id})' on the action 'PatchTeacher' in controller 'Teachers' is not a valid OData path template. Resource not found for the segment 'Db'.
[19/01/2025  21:15:17] - The path template 'odata/Langua/Teachers' on the action 'Post' in controller 'Teachers' is not a valid OData path template. Resource not found for the segment 'Teachers'.
